                                     | Core 0      | Core 1      | Core 2      | Core 3      | Core 4      | Core 5      | Core 6      | Core 7     
  Instructions                       |  4240256862 |  4245431318 |  5032205556 |  5003799279 |  5070457469 |  5094990922 |  5134498025 |  5121425330
  Cycles                             |  2607973200 |  2607973200 |  2607973200 |  2607973200 |  2607973200 |  2607973200 |  2607973200 |  2607973200
  IPC                                |        1.63 |        1.63 |        1.93 |        1.92 |        1.94 |        1.95 |        1.97 |        1.96
  Time (ns)                          |  1086655500 |  1086655500 |  1086655500 |  1086655500 |  1086655500 |  1086655500 |  1086655500 |  1086655500
  Idle time (ns)                     |      983528 |     1552087 |     2004752 |     1290520 |     1402314 |     1896946 |     1512749 |     1958118
  Idle time (%)                      |        0.1% |        0.1% |        0.2% |        0.1% |        0.1% |        0.2% |        0.1% |        0.2%
Branch predictor stats               |             |             |             |             |             |             |             |            
  num correct                        |   113055409 |   115463831 |   548363781 |   540249019 |   565700333 |   572709881 |   590160057 |   586425398
  num incorrect                      |      382556 |      367507 |      320520 |      319274 |      320830 |      320827 |      321232 |      320828
  misprediction rate                 |       0.34% |       0.32% |       0.06% |       0.06% |       0.06% |       0.06% |       0.05% |       0.05%
  mpki                               |        0.09 |        0.09 |        0.06 |        0.06 |        0.06 |        0.06 |        0.06 |        0.06
TLB Summary                          |             |             |             |             |             |             |             |            
  I-TLB                              |             |             |             |             |             |             |             |            
    num accesses                     |   418368390 |   417706500 |   338105486 |   338105444 |   335716614 |   335716616 |   333802292 |   333802292
    num misses                       |         829 |          40 |          40 |          33 |          33 |          33 |          33 |          33
    miss rate                        |       0.00% |       0.00% |       0.00% |       0.00% |       0.00% |       0.00% |       0.00% |       0.00%
    mpki                             |        0.00 |        0.00 |        0.00 |        0.00 |        0.00 |        0.00 |        0.00 |        0.00
  D-TLB                              |             |             |             |             |             |             |             |            
    num accesses                     |  1827758116 |  1826124486 |  1706345392 |  1702287230 |  1705174478 |  1708679242 |  1707989505 |  1706120756
    num misses                       |    16559191 |    16615453 |    13649915 |    14181986 |    13041234 |    12563641 |    13894014 |    14875879
    miss rate                        |       0.91% |       0.91% |       0.80% |       0.83% |       0.76% |       0.74% |       0.81% |       0.87%
    mpki                             |        3.91 |        3.91 |        2.71 |        2.83 |        2.57 |        2.47 |        2.71 |        2.90
  L2 TLB                             |             |             |             |             |             |             |             |            
    num accesses                     |    16560020 |    16615493 |    13649955 |    14182019 |    13041267 |    12563674 |    13894047 |    14875912
    num misses                       |      697539 |      591140 |      510200 |      488335 |      471201 |      485269 |      477017 |      484239
    miss rate                        |       4.21% |       3.56% |       3.74% |       3.44% |       3.61% |       3.86% |       3.43% |       3.26%
    mpki                             |        0.16 |        0.14 |        0.10 |        0.10 |        0.09 |        0.10 |        0.09 |        0.09
Cache Summary                        |             |             |             |             |             |             |             |            
  Cache L1-I                         |             |             |             |             |             |             |             |            
    num cache accesses               |   418368390 |   417706500 |   338105486 |   338105444 |   335716614 |   335716616 |   333802292 |   333802292
    num cache misses                 |      982710 |      756664 |      622510 |      657835 |      595122 |      666118 |      657368 |      650432
    miss rate                        |       0.23% |       0.18% |       0.18% |       0.19% |       0.18% |       0.20% |       0.20% |       0.19%
    mpki                             |        0.23 |        0.18 |        0.12 |        0.13 |        0.12 |        0.13 |        0.13 |        0.13
  Cache L1-D                         |             |             |             |             |             |             |             |            
    num cache accesses               |  1827758116 |  1826124486 |  1706345392 |  1702287230 |  1705174478 |  1708679242 |  1707989505 |  1706120756
    num cache misses                 |   126571425 |   126335128 |   103959005 |   103951159 |   102492936 |   102480947 |   100660148 |   100553587
    miss rate                        |       6.92% |       6.92% |       6.09% |       6.11% |       6.01% |       6.00% |       5.89% |       5.89%
    mpki                             |       29.85 |       29.76 |       20.66 |       20.77 |       20.21 |       20.11 |       19.60 |       19.63
  Cache L2                           |             |             |             |             |             |             |             |            
    num cache accesses               |   129979446 |   128649609 |   105827449 |   106458814 |   105417955 |   104539184 |   102709211 |   103555310
    num cache misses                 |    63701891 |    63432624 |    53363999 |    53392385 |    51445576 |    51639043 |    49795015 |    49988114
    miss rate                        |      49.01% |      49.31% |      50.43% |      50.15% |      48.80% |      49.40% |      48.48% |      48.27%
    mpki                             |       15.02 |       14.94 |       10.60 |       10.67 |       10.15 |       10.14 |        9.70 |        9.76
  Cache L3                           |             |             |             |             |             |             |             |            
    num cache accesses               |    66132535 |    64990441 |    54609933 |    55242205 |    53775472 |    53031160 |    51186710 |    52339404
    num cache misses                 |     2675351 |     2203270 |     1767920 |     2715596 |     3764469 |     1977234 |     1975782 |     2469084
    miss rate                        |       4.05% |       3.39% |       3.24% |       4.92% |       7.00% |       3.73% |       3.86% |       4.72%
    mpki                             |        0.63 |        0.52 |        0.35 |        0.54 |        0.74 |        0.39 |        0.38 |        0.48
DRAM summary                         |             |             |             |             |             |             |             |            
  num dram accesses                  |       82711 |           0 |           0 |           0 |       84387 |           0 |           0 |           0
  average dram access latency (ns)   |    49253.95 |         inf |         inf |         inf |    48268.24 |         inf |         inf |         inf
  average dram queueing delay        |    49200.52 |        0.00 |        0.00 |        0.00 |    48214.81 |        0.00 |        0.00 |        0.00
  average dram bandwidth utilization |       0.00% |       0.00% |       0.00% |       0.00% |       0.00% |       0.00% |       0.00% |       0.00%
Coherency Traffic                    |             |             |             |             |             |             |             |            
  num loads from dram                |        9471 |        4826 |        4777 |        4970 |        3565 |        3591 |        3546 |        3288
  num loads from dram cache          |           0 |           0 |           0 |           0 |           0 |           0 |           0 |           0
  num loads from remote cache        |     2576513 |     2179408 |     1744955 |     2617637 |     3744019 |     1954761 |     1954105 |     2412328
