                                     | Core 0       | Core 1       | Core 2       | Core 3       | Core 4       | Core 5       | Core 6       | Core 7      
  Instructions                       |  17253061974 |  16938543915 |  16890754957 |  16229146415 |  16476675201 |  16404219470 |  16603677009 |  16330480593
  Cycles                             |  14152652880 |  14152652880 |  14152652880 |  14152652880 |  14152652880 |  14152652880 |  14152652880 |  14152652880
  IPC                                |         1.22 |         1.20 |         1.19 |         1.15 |         1.16 |         1.16 |         1.17 |         1.15
  Time (ns)                          |   5896938700 |   5896938700 |   5896938700 |   5896938700 |   5896938700 |   5896938700 |   5896938700 |   5896938700
  Idle time (ns)                     |    146464842 |    283335836 |    360353070 |    309956401 |    112565679 |    327937760 |    186449794 |    136811593
  Idle time (%)                      |         2.5% |         4.8% |         6.1% |         5.3% |         1.9% |         5.6% |         3.2% |         2.3%
Branch predictor stats               |              |              |              |              |              |              |              |             
  num correct                        |   3100027423 |   3055138394 |   3048818440 |   2882173934 |   2954766707 |   2928354808 |   2990757244 |   2928318843
  num incorrect                      |    122578630 |    121879909 |    120061555 |    124920541 |    124991614 |    121880515 |    122909305 |    125212520
  misprediction rate                 |        3.80% |        3.84% |        3.79% |        4.15% |        4.06% |        4.00% |        3.95% |        4.10%
  mpki                               |         7.10 |         7.20 |         7.11 |         7.70 |         7.59 |         7.43 |         7.40 |         7.67
TLB Summary                          |              |              |              |              |              |              |              |             
  I-TLB                              |              |              |              |              |              |              |              |             
    num accesses                     |   2955614615 |   2905340319 |   2903515421 |   2775981331 |   2822800436 |   2804545465 |   2839954174 |   2791828726
    num misses                       |          161 |           72 |           74 |           65 |           73 |           65 |           73 |           65
    miss rate                        |        0.00% |        0.00% |        0.00% |        0.00% |        0.00% |        0.00% |        0.00% |        0.00%
    mpki                             |         0.00 |         0.00 |         0.00 |         0.00 |         0.00 |         0.00 |         0.00 |         0.00
  D-TLB                              |              |              |              |              |              |              |              |             
    num accesses                     |   5792560419 |   5685705170 |   5654067618 |   5495981770 |   5546599806 |   5540043201 |   5586341181 |   5514439972
    num misses                       |     45401084 |     54207717 |     49548768 |     60829061 |     86173174 |     54096502 |     64868556 |     59426828
    miss rate                        |        0.78% |        0.95% |        0.88% |        1.11% |        1.55% |        0.98% |        1.16% |        1.08%
    mpki                             |         2.63 |         3.20 |         2.93 |         3.75 |         5.23 |         3.30 |         3.91 |         3.64
  L2 TLB                             |              |              |              |              |              |              |              |             
    num accesses                     |     45401245 |     54207789 |     49548842 |     60829126 |     86173247 |     54096567 |     64868629 |     59426893
    num misses                       |      5541522 |      6619238 |      5708096 |      6820430 |     12099194 |      6964220 |      8640865 |     10153213
    miss rate                        |       12.21% |       12.21% |       11.52% |       11.21% |       14.04% |       12.87% |       13.32% |       17.09%
    mpki                             |         0.32 |         0.39 |         0.34 |         0.42 |         0.73 |         0.42 |         0.52 |         0.62
Cache Summary                        |              |              |              |              |              |              |              |             
  Cache L1-I                         |              |              |              |              |              |              |              |             
    num cache accesses               |   2955614615 |   2905340319 |   2903515421 |   2775981331 |   2822800436 |   2804545465 |   2839954174 |   2791828726
    num cache misses                 |       515290 |       883214 |       533701 |       528948 |       652644 |       567575 |       573513 |       731662
    miss rate                        |        0.02% |        0.03% |        0.02% |        0.02% |        0.02% |        0.02% |        0.02% |        0.03%
    mpki                             |         0.03 |         0.05 |         0.03 |         0.03 |         0.04 |         0.03 |         0.03 |         0.04
  Cache L1-D                         |              |              |              |              |              |              |              |             
    num cache accesses               |   5792560419 |   5685705170 |   5654067618 |   5495981770 |   5546599806 |   5540043201 |   5586341181 |   5514439972
    num cache misses                 |    187603754 |    119343343 |    120686071 |    128844036 |    135775494 |    123865736 |    129304684 |    139465439
    miss rate                        |        3.24% |        2.10% |        2.13% |        2.34% |        2.45% |        2.24% |        2.31% |        2.53%
    mpki                             |        10.87 |         7.05 |         7.15 |         7.94 |         8.24 |         7.55 |         7.79 |         8.54
  Cache L2                           |              |              |              |              |              |              |              |             
    num cache accesses               |    189276330 |    120637001 |    122105481 |    130389026 |    138262969 |    125793428 |    131146370 |    142101259
    num cache misses                 |     71127320 |     54704426 |     53982177 |     58862307 |     64048440 |     55945609 |     63469842 |     66901210
    miss rate                        |       37.58% |       45.35% |       44.21% |       45.14% |       46.32% |       44.47% |       48.40% |       47.08%
    mpki                             |         4.12 |         3.23 |         3.20 |         3.63 |         3.89 |         3.41 |         3.82 |         4.10
  Cache L3                           |              |              |              |              |              |              |              |             
    num cache accesses               |     72287093 |     55116486 |     54869563 |     59880623 |     65885610 |     57308119 |     64740228 |     68808113
    num cache misses                 |     21634358 |     20356351 |     20814220 |     20669244 |     22933833 |     22153238 |     21969817 |     23027499
    miss rate                        |       29.93% |       36.93% |       37.93% |       34.52% |       34.81% |       38.66% |       33.94% |       33.47%
    mpki                             |         1.25 |         1.20 |         1.23 |         1.27 |         1.39 |         1.35 |         1.32 |         1.41
DRAM summary                         |              |              |              |              |              |              |              |             
  num dram accesses                  |    132556942 |            0 |            0 |            0 |    132548631 |            0 |            0 |            0
  average dram access latency (ns)   |        55.85 |          inf |          inf |          inf |        56.58 |          inf |          inf |          inf
  average dram queueing delay        |         2.42 |         0.00 |         0.00 |         0.00 |         3.15 |         0.00 |         0.00 |         0.00
  average dram bandwidth utilization |       18.00% |        0.00% |        0.00% |        0.00% |       18.00% |        0.00% |        0.00% |        0.00%
Coherency Traffic                    |              |              |              |              |              |              |              |             
  num loads from dram                |     12541996 |     11035670 |     12266314 |     12325486 |     14745139 |     13579800 |     13313465 |     15001161
  num loads from dram cache          |            0 |            0 |            0 |            0 |            0 |            0 |            0 |            0
  num loads from remote cache        |          708 |          486 |          654 |          516 |          816 |          852 |          803 |          531
